

Started GET "/" for 127.0.0.1 at 2013-08-07 19:32:11 -0700
Processing by Rails::WelcomeController#index as HTML
  Rendered /Users/takeyourvalium/.rvm/gems/ruby-2.0.0-p247@railstutorial_rails_4_0/gems/railties-4.0.0/lib/rails/templates/rails/welcome/index.html.erb (5.5ms)
Completed 200 OK in 108ms (Views: 27.5ms | ActiveRecord: 0.0ms)


Started GET "/" for 127.0.0.1 at 2013-08-07 19:36:54 -0700
Processing by Rails::WelcomeController#index as HTML
  Rendered /Users/takeyourvalium/.rvm/gems/ruby-2.0.0-p247@railstutorial_rails_4_0/gems/railties-4.0.0/lib/rails/templates/rails/welcome/index.html.erb (9.0ms)
Completed 200 OK in 131ms (Views: 36.7ms | ActiveRecord: 0.0ms)


Started GET "/" for 10.1.10.103 at 2013-08-07 19:38:09 -0700
Processing by Rails::WelcomeController#index as HTML
  Rendered /Users/takeyourvalium/.rvm/gems/ruby-2.0.0-p247@railstutorial_rails_4_0/gems/railties-4.0.0/lib/rails/templates/rails/welcome/index.html.erb (0.2ms)
Completed 200 OK in 8ms (Views: 7.4ms | ActiveRecord: 0.0ms)


Started GET "/" for 68.173.68.32 at 2013-08-07 19:38:20 -0700
Processing by Rails::WelcomeController#index as HTML
  Rendered /Users/takeyourvalium/.rvm/gems/ruby-2.0.0-p247@railstutorial_rails_4_0/gems/railties-4.0.0/lib/rails/templates/rails/welcome/index.html.erb (0.2ms)
Completed 200 OK in 8ms (Views: 7.2ms | ActiveRecord: 0.0ms)


Started GET "/" for 68.173.68.32 at 2013-08-07 19:49:18 -0700
Processing by Rails::WelcomeController#index as HTML
  Rendered /Users/takeyourvalium/.rvm/gems/ruby-2.0.0-p247@railstutorial_rails_4_0/gems/railties-4.0.0/lib/rails/templates/rails/welcome/index.html.erb (0.2ms)
Completed 200 OK in 9ms (Views: 7.9ms | ActiveRecord: 0.0ms)


Started GET "/rails/info/properties" for 127.0.0.1 at 2013-08-07 19:50:02 -0700
Processing by Rails::InfoController#properties as */*
  Rendered /Users/takeyourvalium/.rvm/gems/ruby-2.0.0-p247@railstutorial_rails_4_0/gems/railties-4.0.0/lib/rails/templates/rails/info/properties.html.erb (1.3ms)
Completed 200 OK in 92ms (Views: 55.1ms | ActiveRecord: 21.3ms)


Started GET "/" for 68.173.68.32 at 2013-08-07 19:53:42 -0700
Processing by Rails::WelcomeController#index as HTML
  Rendered /Users/takeyourvalium/.rvm/gems/ruby-2.0.0-p247@railstutorial_rails_4_0/gems/railties-4.0.0/lib/rails/templates/rails/welcome/index.html.erb (0.2ms)
Completed 200 OK in 9ms (Views: 7.5ms | ActiveRecord: 0.0ms)


Started GET "/" for 68.173.68.32 at 2013-08-07 20:09:28 -0700
Processing by Rails::WelcomeController#index as HTML
  Rendered /Users/takeyourvalium/.rvm/gems/ruby-2.0.0-p247@railstutorial_rails_4_0/gems/railties-4.0.0/lib/rails/templates/rails/welcome/index.html.erb (67.8ms)
Completed 200 OK in 76ms (Views: 74.9ms | ActiveRecord: 0.0ms)


Started GET "/" for 127.0.0.1 at 2013-08-09 17:12:21 -0700
Processing by Rails::WelcomeController#index as HTML
  Rendered /Users/takeyourvalium/.rvm/gems/ruby-2.0.0-p247/gems/railties-4.0.0/lib/rails/templates/rails/welcome/index.html.erb (2.9ms)
Completed 200 OK in 96ms (Views: 13.9ms | ActiveRecord: 0.0ms)


Started GET "/rails/info/properties" for 127.0.0.1 at 2013-08-09 17:12:24 -0700
Processing by Rails::InfoController#properties as */*
  Rendered /Users/takeyourvalium/.rvm/gems/ruby-2.0.0-p247/gems/railties-4.0.0/lib/rails/templates/rails/info/properties.html.erb (0.8ms)
Completed 200 OK in 71ms (Views: 25.7ms | ActiveRecord: 36.3ms)


Started GET "/" for 127.0.0.1 at 2013-08-09 17:32:09 -0700
Processing by Rails::WelcomeController#index as HTML
  Rendered /Users/takeyourvalium/.rvm/gems/ruby-2.0.0-p247/gems/railties-4.0.0/lib/rails/templates/rails/welcome/index.html.erb (3.0ms)
Completed 200 OK in 54ms (Views: 13.7ms | ActiveRecord: 0.0ms)
